<?xml version="1.0" encoding="UTF-8"?>
<!-- Generated by org.testng.reporters.JUnitXMLReporter -->
<testsuite ignored="0" hostname="LIN-PG02NGFC" failures="1" tests="3" name="Error Validation" time="29.4" errors="0" timestamp="2024-07-12T10:47:38 IST">
  <testcase classname="manibabu.Tests.ErrorValidations" name="LoginErrorMessage" time="1.206">
    <skipped/>
  </testcase> <!-- LoginErrorMessage -->
  <testcase classname="manibabu.Tests.ErrorValidations" name="LoginErrorMessage" time="2.132">
    <failure type="junit.framework.ComparisonFailure" message="expected:&amp;lt;...or...&amp;gt; but was:&amp;lt;... or ...&amp;gt;">
      <![CDATA[junit.framework.ComparisonFailure: expected:<...or...> but was:<... or ...>
at junit.framework.Assert.assertEquals(Assert.java:81)
at junit.framework.Assert.assertEquals(Assert.java:87)
at manibabu.Tests.ErrorValidations.LoginErrorMessage(ErrorValidations.java:22)
at java.base/java.util.ArrayList.forEach(ArrayList.java:1511)
at java.base/java.util.concurrent.FutureTask.run(FutureTask.java:264)
at java.base/java.util.concurrent.ThreadPoolExecutor.runWorker(ThreadPoolExecutor.java:1136)
at java.base/java.util.concurrent.ThreadPoolExecutor$Worker.run(ThreadPoolExecutor.java:635)
at java.base/java.lang.Thread.run(Thread.java:840)
... Removed 18 stack frames]]>
    </failure>
  </testcase> <!-- LoginErrorMessage -->
  <testcase classname="manibabu.Tests.ErrorValidations" name="errorProductMessage" time="1.291"/>
</testsuite> <!-- Error Validation -->
