<?xml version="1.0" encoding="UTF-8"?>
<!-- Generated by org.testng.reporters.JUnitXMLReporter -->
<testsuite ignored="0" hostname="LIN-PG02NGFC" failures="0" tests="4" name="Submit Order" time="60.234" errors="0" timestamp="2024-07-12T10:48:08 IST">
  <testcase classname="manibabu.Tests.SubmitOrder" name="submitOrder" time="21.416"/>
  <testcase classname="manibabu.Tests.SubmitOrder" name="submitOrder" time="19.483"/>
  <testcase classname="manibabu.Tests.SubmitOrder" name="OrderedProduct" time="1.21"/>
  <testcase classname="manibabu.Tests.SubmitOrder" name="OrderView" time="0.975"/>
</testsuite> <!-- Submit Order -->
