<?xml version="1.0" encoding="UTF-8"?>
<!-- Generated by org.testng.reporters.JUnitXMLReporter -->
<testsuite hostname="LIN-PG02NGFC" failures="0" tests="4" name="Submit Order" time="68.207" errors="0" timestamp="18 Jul 2024 11:05:47 GMT">
  <testcase classname="manibabu.Tests.SubmitOrder" name="submitOrder" time="19.079"/>
  <testcase classname="manibabu.Tests.SubmitOrder" name="submitOrder" time="16.979"/>
  <testcase classname="manibabu.Tests.SubmitOrder" name="OrderedProduct" time="1.043"/>
  <testcase classname="manibabu.Tests.SubmitOrder" name="OrderView" time="1.106"/>
</testsuite> <!-- Submit Order -->
