<?xml version="1.0" encoding="UTF-8"?>
<!-- Generated by org.testng.reporters.JUnitXMLReporter -->
<testsuite hostname="LIN-PG02NGFC" failures="0" tests="4" name="Submit Order" time="50.665" errors="0" timestamp="12 Jul 2024 11:08:19 GMT">
  <testcase classname="manibabu.Tests.SubmitOrder" name="submitOrder" time="17.312"/>
  <testcase classname="manibabu.Tests.SubmitOrder" name="submitOrder" time="17.351"/>
  <testcase classname="manibabu.Tests.SubmitOrder" name="OrderedProduct" time="0.62"/>
  <testcase classname="manibabu.Tests.SubmitOrder" name="OrderView" time="0.765"/>
</testsuite> <!-- Submit Order -->
