<?xml version="1.0" encoding="UTF-8"?>
<testng-results total="6" passed="6" failed="0" skipped="0">
  <reporter-output>
  </reporter-output>
  <suite started-at="2024-07-18T11:04:38Z" name="Suite" finished-at="2024-07-18T11:05:57Z" duration-ms="78708">
    <groups>
      <group name="ErrorHandling">
        <method signature="ErrorValidations.LoginErrorMessage()[pri:0, instance:manibabu.Tests.ErrorValidations@531f4093]" name="LoginErrorMessage" class="manibabu.Tests.ErrorValidations"/>
      </group> <!-- ErrorHandling -->
      <group name="Product">
        <method signature="SubmitOrder.submitOrder(java.util.HashMap)[pri:0, instance:manibabu.Tests.SubmitOrder@2e1ef60]" name="submitOrder" class="manibabu.Tests.SubmitOrder"/>
      </group> <!-- Product -->
    </groups>
    <test started-at="2024-07-18T11:04:38Z" name="Submit Order" finished-at="2024-07-18T11:05:46Z" duration-ms="68207">
      <class name="manibabu.Tests.SubmitOrder">
        <test-method is-config="true" signature="launchApplication()[pri:0, instance:manibabu.Tests.SubmitOrder@2e1ef60]" started-at="2024-07-18T16:34:39Z" name="launchApplication" finished-at="2024-07-18T16:34:45Z" duration-ms="6559" status="PASS">
          <reporter-output>
          </reporter-output>
        </test-method> <!-- launchApplication -->
        <test-method signature="submitOrder(java.util.HashMap)[pri:0, instance:manibabu.Tests.SubmitOrder@2e1ef60]" started-at="2024-07-18T16:34:45Z" name="submitOrder" data-provider="getData" finished-at="2024-07-18T16:35:04Z" duration-ms="19079" status="PASS">
          <params>
            <param index="0">
              <value>
                <![CDATA[{password=Manibabu@373, productname=ZARA COAT 3, email=practice.selenium@gmail.com}]]>
              </value>
            </param>
          </params>
          <reporter-output>
          </reporter-output>
        </test-method> <!-- submitOrder -->
        <test-method is-config="true" signature="tearDown()[pri:0, instance:manibabu.Tests.SubmitOrder@2e1ef60]" started-at="2024-07-18T16:35:04Z" name="tearDown" finished-at="2024-07-18T16:35:05Z" duration-ms="624" status="PASS">
          <reporter-output>
          </reporter-output>
        </test-method> <!-- tearDown -->
        <test-method is-config="true" signature="launchApplication()[pri:0, instance:manibabu.Tests.SubmitOrder@2e1ef60]" started-at="2024-07-18T16:35:05Z" name="launchApplication" finished-at="2024-07-18T16:35:11Z" duration-ms="6066" status="PASS">
          <reporter-output>
          </reporter-output>
        </test-method> <!-- launchApplication -->
        <test-method signature="submitOrder(java.util.HashMap)[pri:0, instance:manibabu.Tests.SubmitOrder@2e1ef60]" started-at="2024-07-18T16:35:11Z" name="submitOrder" data-provider="getData" finished-at="2024-07-18T16:35:28Z" duration-ms="16979" status="PASS">
          <params>
            <param index="0">
              <value>
                <![CDATA[{password=Manibabu@373, productname=ADIDAS ORIGINAL, email=mani.uppu@gmail.com}]]>
              </value>
            </param>
          </params>
          <reporter-output>
          </reporter-output>
        </test-method> <!-- submitOrder -->
        <test-method is-config="true" signature="tearDown()[pri:0, instance:manibabu.Tests.SubmitOrder@2e1ef60]" started-at="2024-07-18T16:35:28Z" name="tearDown" finished-at="2024-07-18T16:35:28Z" duration-ms="325" status="PASS">
          <reporter-output>
          </reporter-output>
        </test-method> <!-- tearDown -->
        <test-method is-config="true" signature="launchApplication()[pri:0, instance:manibabu.Tests.SubmitOrder@2e1ef60]" started-at="2024-07-18T16:35:28Z" name="launchApplication" finished-at="2024-07-18T16:35:32Z" duration-ms="3706" status="PASS">
          <reporter-output>
          </reporter-output>
        </test-method> <!-- launchApplication -->
        <test-method signature="OrderedProduct()[pri:0, instance:manibabu.Tests.SubmitOrder@2e1ef60]" started-at="2024-07-18T16:35:32Z" name="OrderedProduct" finished-at="2024-07-18T16:35:33Z" depends-on-methods="manibabu.Tests.SubmitOrder.submitOrder" duration-ms="1043" status="PASS">
          <reporter-output>
          </reporter-output>
        </test-method> <!-- OrderedProduct -->
        <test-method is-config="true" signature="tearDown()[pri:0, instance:manibabu.Tests.SubmitOrder@2e1ef60]" started-at="2024-07-18T16:35:33Z" name="tearDown" finished-at="2024-07-18T16:35:33Z" duration-ms="418" status="PASS">
          <reporter-output>
          </reporter-output>
        </test-method> <!-- tearDown -->
        <test-method is-config="true" signature="launchApplication()[pri:0, instance:manibabu.Tests.SubmitOrder@2e1ef60]" started-at="2024-07-18T16:35:33Z" name="launchApplication" finished-at="2024-07-18T16:35:43Z" duration-ms="9799" status="PASS">
          <reporter-output>
          </reporter-output>
        </test-method> <!-- launchApplication -->
        <test-method signature="OrderView()[pri:0, instance:manibabu.Tests.SubmitOrder@2e1ef60]" started-at="2024-07-18T16:35:43Z" name="OrderView" finished-at="2024-07-18T16:35:44Z" depends-on-methods="manibabu.Tests.SubmitOrder.OrderedProduct" duration-ms="1106" status="PASS">
          <reporter-output>
          </reporter-output>
        </test-method> <!-- OrderView -->
        <test-method is-config="true" signature="tearDown()[pri:0, instance:manibabu.Tests.SubmitOrder@2e1ef60]" started-at="2024-07-18T16:35:44Z" name="tearDown" finished-at="2024-07-18T16:35:46Z" duration-ms="2101" status="PASS">
          <reporter-output>
          </reporter-output>
        </test-method> <!-- tearDown -->
      </class> <!-- manibabu.Tests.SubmitOrder -->
    </test> <!-- Submit Order -->
    <test started-at="2024-07-18T11:05:47Z" name="Error Validation" finished-at="2024-07-18T11:05:57Z" duration-ms="9858">
      <class name="manibabu.Tests.ErrorValidations">
        <test-method is-config="true" signature="launchApplication()[pri:0, instance:manibabu.Tests.ErrorValidations@531f4093]" started-at="2024-07-18T16:35:47Z" name="launchApplication" finished-at="2024-07-18T16:35:51Z" duration-ms="4229" status="PASS">
          <reporter-output>
          </reporter-output>
        </test-method> <!-- launchApplication -->
        <test-method signature="LoginErrorMessage()[pri:0, instance:manibabu.Tests.ErrorValidations@531f4093]" started-at="2024-07-18T16:35:51Z" name="LoginErrorMessage" finished-at="2024-07-18T16:35:52Z" duration-ms="904" status="PASS">
          <reporter-output>
          </reporter-output>
        </test-method> <!-- LoginErrorMessage -->
        <test-method is-config="true" signature="tearDown()[pri:0, instance:manibabu.Tests.ErrorValidations@531f4093]" started-at="2024-07-18T16:35:52Z" name="tearDown" finished-at="2024-07-18T16:35:52Z" duration-ms="230" status="PASS">
          <reporter-output>
          </reporter-output>
        </test-method> <!-- tearDown -->
        <test-method is-config="true" signature="launchApplication()[pri:0, instance:manibabu.Tests.ErrorValidations@531f4093]" started-at="2024-07-18T16:35:52Z" name="launchApplication" finished-at="2024-07-18T16:35:56Z" duration-ms="3355" status="PASS">
          <reporter-output>
          </reporter-output>
        </test-method> <!-- launchApplication -->
        <test-method signature="errorProductMessage()[pri:0, instance:manibabu.Tests.ErrorValidations@531f4093]" started-at="2024-07-18T16:35:56Z" name="errorProductMessage" finished-at="2024-07-18T16:35:57Z" duration-ms="903" status="PASS">
          <reporter-output>
          </reporter-output>
        </test-method> <!-- errorProductMessage -->
        <test-method is-config="true" signature="tearDown()[pri:0, instance:manibabu.Tests.ErrorValidations@531f4093]" started-at="2024-07-18T16:35:57Z" name="tearDown" finished-at="2024-07-18T16:35:57Z" duration-ms="236" status="PASS">
          <reporter-output>
          </reporter-output>
        </test-method> <!-- tearDown -->
      </class> <!-- manibabu.Tests.ErrorValidations -->
    </test> <!-- Error Validation -->
  </suite> <!-- Suite -->
</testng-results>
