<?xml version="1.0" encoding="UTF-8"?>
<testng-results total="6" passed="6" failed="0" skipped="0">
  <reporter-output>
  </reporter-output>
  <suite started-at="2024-07-12T11:07:28Z" name="Suite" finished-at="2024-07-12T11:08:27Z" duration-ms="58647">
    <groups>
      <group name="ErrorHandling">
        <method signature="ErrorValidations.LoginErrorMessage()[pri:0, instance:manibabu.Tests.ErrorValidations@40db2a24]" name="LoginErrorMessage" class="manibabu.Tests.ErrorValidations"/>
      </group> <!-- ErrorHandling -->
      <group name="Product">
        <method signature="SubmitOrder.submitOrder(java.util.HashMap)[pri:0, instance:manibabu.Tests.SubmitOrder@6b88ca8c]" name="submitOrder" class="manibabu.Tests.SubmitOrder"/>
      </group> <!-- Product -->
    </groups>
    <test started-at="2024-07-12T11:07:28Z" name="Submit Order" finished-at="2024-07-12T11:08:19Z" duration-ms="50665">
      <class name="manibabu.Tests.SubmitOrder">
        <test-method is-config="true" signature="launchApplication()[pri:0, instance:manibabu.Tests.SubmitOrder@6b88ca8c]" started-at="2024-07-12T16:37:28Z" name="launchApplication" finished-at="2024-07-12T16:37:35Z" duration-ms="6507" status="PASS">
          <reporter-output>
          </reporter-output>
        </test-method> <!-- launchApplication -->
        <test-method signature="submitOrder(java.util.HashMap)[pri:0, instance:manibabu.Tests.SubmitOrder@6b88ca8c]" started-at="2024-07-12T16:37:35Z" name="submitOrder" data-provider="getData" finished-at="2024-07-12T16:37:52Z" duration-ms="17312" status="PASS">
          <params>
            <param index="0">
              <value>
                <![CDATA[{password=Manibabu@373, productname=ZARA COAT 3, email=practice.selenium@gmail.com}]]>
              </value>
            </param>
          </params>
          <reporter-output>
          </reporter-output>
        </test-method> <!-- submitOrder -->
        <test-method is-config="true" signature="tearDown()[pri:0, instance:manibabu.Tests.SubmitOrder@6b88ca8c]" started-at="2024-07-12T16:37:52Z" name="tearDown" finished-at="2024-07-12T16:37:52Z" duration-ms="147" status="PASS">
          <reporter-output>
          </reporter-output>
        </test-method> <!-- tearDown -->
        <test-method is-config="true" signature="launchApplication()[pri:0, instance:manibabu.Tests.SubmitOrder@6b88ca8c]" started-at="2024-07-12T16:37:52Z" name="launchApplication" finished-at="2024-07-12T16:37:55Z" duration-ms="2392" status="PASS">
          <reporter-output>
          </reporter-output>
        </test-method> <!-- launchApplication -->
        <test-method signature="submitOrder(java.util.HashMap)[pri:0, instance:manibabu.Tests.SubmitOrder@6b88ca8c]" started-at="2024-07-12T16:37:55Z" name="submitOrder" data-provider="getData" finished-at="2024-07-12T16:38:12Z" duration-ms="17351" status="PASS">
          <params>
            <param index="0">
              <value>
                <![CDATA[{password=Manibabu@373, productname=ADIDAS ORIGINAL, email=mani.uppu@gmail.com}]]>
              </value>
            </param>
          </params>
          <reporter-output>
          </reporter-output>
        </test-method> <!-- submitOrder -->
        <test-method is-config="true" signature="tearDown()[pri:0, instance:manibabu.Tests.SubmitOrder@6b88ca8c]" started-at="2024-07-12T16:38:12Z" name="tearDown" finished-at="2024-07-12T16:38:12Z" duration-ms="128" status="PASS">
          <reporter-output>
          </reporter-output>
        </test-method> <!-- tearDown -->
        <test-method is-config="true" signature="launchApplication()[pri:0, instance:manibabu.Tests.SubmitOrder@6b88ca8c]" started-at="2024-07-12T16:38:12Z" name="launchApplication" finished-at="2024-07-12T16:38:15Z" duration-ms="2352" status="PASS">
          <reporter-output>
          </reporter-output>
        </test-method> <!-- launchApplication -->
        <test-method signature="OrderedProduct()[pri:0, instance:manibabu.Tests.SubmitOrder@6b88ca8c]" started-at="2024-07-12T16:38:15Z" name="OrderedProduct" finished-at="2024-07-12T16:38:15Z" depends-on-methods="manibabu.Tests.SubmitOrder.submitOrder" duration-ms="620" status="PASS">
          <reporter-output>
          </reporter-output>
        </test-method> <!-- OrderedProduct -->
        <test-method is-config="true" signature="tearDown()[pri:0, instance:manibabu.Tests.SubmitOrder@6b88ca8c]" started-at="2024-07-12T16:38:15Z" name="tearDown" finished-at="2024-07-12T16:38:15Z" duration-ms="112" status="PASS">
          <reporter-output>
          </reporter-output>
        </test-method> <!-- tearDown -->
        <test-method is-config="true" signature="launchApplication()[pri:0, instance:manibabu.Tests.SubmitOrder@6b88ca8c]" started-at="2024-07-12T16:38:15Z" name="launchApplication" finished-at="2024-07-12T16:38:18Z" duration-ms="2647" status="PASS">
          <reporter-output>
          </reporter-output>
        </test-method> <!-- launchApplication -->
        <test-method signature="OrderView()[pri:0, instance:manibabu.Tests.SubmitOrder@6b88ca8c]" started-at="2024-07-12T16:38:18Z" name="OrderView" finished-at="2024-07-12T16:38:19Z" depends-on-methods="manibabu.Tests.SubmitOrder.OrderedProduct" duration-ms="765" status="PASS">
          <reporter-output>
          </reporter-output>
        </test-method> <!-- OrderView -->
        <test-method is-config="true" signature="tearDown()[pri:0, instance:manibabu.Tests.SubmitOrder@6b88ca8c]" started-at="2024-07-12T16:38:19Z" name="tearDown" finished-at="2024-07-12T16:38:19Z" duration-ms="113" status="PASS">
          <reporter-output>
          </reporter-output>
        </test-method> <!-- tearDown -->
      </class> <!-- manibabu.Tests.SubmitOrder -->
    </test> <!-- Submit Order -->
    <test started-at="2024-07-12T11:08:19Z" name="Error Validation" finished-at="2024-07-12T11:08:27Z" duration-ms="7386">
      <class name="manibabu.Tests.ErrorValidations">
        <test-method is-config="true" signature="launchApplication()[pri:0, instance:manibabu.Tests.ErrorValidations@40db2a24]" started-at="2024-07-12T16:38:19Z" name="launchApplication" finished-at="2024-07-12T16:38:22Z" duration-ms="2614" status="PASS">
          <reporter-output>
          </reporter-output>
        </test-method> <!-- launchApplication -->
        <test-method signature="LoginErrorMessage()[pri:0, instance:manibabu.Tests.ErrorValidations@40db2a24]" started-at="2024-07-12T16:38:22Z" name="LoginErrorMessage" finished-at="2024-07-12T16:38:23Z" duration-ms="941" status="PASS">
          <reporter-output>
          </reporter-output>
        </test-method> <!-- LoginErrorMessage -->
        <test-method is-config="true" signature="tearDown()[pri:0, instance:manibabu.Tests.ErrorValidations@40db2a24]" started-at="2024-07-12T16:38:23Z" name="tearDown" finished-at="2024-07-12T16:38:23Z" duration-ms="118" status="PASS">
          <reporter-output>
          </reporter-output>
        </test-method> <!-- tearDown -->
        <test-method is-config="true" signature="launchApplication()[pri:0, instance:manibabu.Tests.ErrorValidations@40db2a24]" started-at="2024-07-12T16:38:23Z" name="launchApplication" finished-at="2024-07-12T16:38:26Z" duration-ms="2662" status="PASS">
          <reporter-output>
          </reporter-output>
        </test-method> <!-- launchApplication -->
        <test-method signature="errorProductMessage()[pri:0, instance:manibabu.Tests.ErrorValidations@40db2a24]" started-at="2024-07-12T16:38:26Z" name="errorProductMessage" finished-at="2024-07-12T16:38:27Z" duration-ms="902" status="PASS">
          <reporter-output>
          </reporter-output>
        </test-method> <!-- errorProductMessage -->
        <test-method is-config="true" signature="tearDown()[pri:0, instance:manibabu.Tests.ErrorValidations@40db2a24]" started-at="2024-07-12T16:38:27Z" name="tearDown" finished-at="2024-07-12T16:38:27Z" duration-ms="148" status="PASS">
          <reporter-output>
          </reporter-output>
        </test-method> <!-- tearDown -->
      </class> <!-- manibabu.Tests.ErrorValidations -->
    </test> <!-- Error Validation -->
  </suite> <!-- Suite -->
</testng-results>
